0 info it worked if it ends with ok
1 verbose cli [ 'C:\\Program Files (x86)\\Nodist\\v-x64\\6.9.5\\node.exe',
1 verbose cli   'C:\\Users\\rldow\\AppData\\Roaming\\npm\\node_modules\\npm\\bin\\npm-cli.js',
1 verbose cli   'run',
1 verbose cli   'lint:watch' ]
2 info using npm@3.10.8
3 info using node@v6.9.5
4 verbose run-script [ 'prelint:watch', 'lint:watch', 'postlint:watch' ]
5 info lifecycle @atlauncher/style-guide@0.1.0~prelint:watch: @atlauncher/style-guide@0.1.0
6 silly lifecycle @atlauncher/style-guide@0.1.0~prelint:watch: no script for prelint:watch, continuing
7 info lifecycle @atlauncher/style-guide@0.1.0~lint:watch: @atlauncher/style-guide@0.1.0
8 verbose lifecycle @atlauncher/style-guide@0.1.0~lint:watch: unsafe-perm in lifecycle true
9 verbose lifecycle @atlauncher/style-guide@0.1.0~lint:watch: PATH: C:\Users\rldow\AppData\Roaming\npm\node_modules\npm\bin\node-gyp-bin;C:\Projects\ATLauncher\style-guide\node_modules\.bin;C:\Program Files (x86)\Nodist\v-x64\6.9.5;C:\Python27\;C:\Python27\Scripts;C:\ProgramData\Oracle\Java\javapath;C:\Windows\system32;C:\Windows;C:\Windows\System32\Wbem;C:\Windows\System32\WindowsPowerShell\v1.0\;C:\Program Files (x86)\HashiCorp\Vagrant\bin;C:\Program Files (x86)\Windows Kits\8.1\Windows Performance Toolkit\;C:\Program Files (x86)\Nodist\bin;C:\Program Files\Amazon\AWSCLI\;C:\Users\rldow\AppData\Local\Microsoft\WindowsApps;C:\Program Files (x86)\HashiCorp\Vagrant\bin;C:\Program Files\Oracle\VirtualBox;C:\Applications\cmder\bin;C:\Applications\php-7.0.9;C:\Applications\cmder\vendor\git-for-windows\bin;C:\Applications\maven\bin;C:\Users\rldow\AppData\Local\.meteor\;C:\Users\rldow\AppData\Local\atom\bin
10 verbose lifecycle @atlauncher/style-guide@0.1.0~lint:watch: CWD: C:\Projects\ATLauncher\style-guide
11 silly lifecycle @atlauncher/style-guide@0.1.0~lint:watch: Args: [ '/d /s /c', 'esw .storybook/ stories/' ]
12 silly lifecycle @atlauncher/style-guide@0.1.0~lint:watch: Returned: code: 1  signal: null
13 info lifecycle @atlauncher/style-guide@0.1.0~lint:watch: Failed to exec lint:watch script
14 verbose stack Error: @atlauncher/style-guide@0.1.0 lint:watch: `esw .storybook/ stories/`
14 verbose stack Exit status 1
14 verbose stack     at EventEmitter.<anonymous> (C:\Users\rldow\AppData\Roaming\npm\node_modules\npm\lib\utils\lifecycle.js:255:16)
14 verbose stack     at emitTwo (events.js:106:13)
14 verbose stack     at EventEmitter.emit (events.js:191:7)
14 verbose stack     at ChildProcess.<anonymous> (C:\Users\rldow\AppData\Roaming\npm\node_modules\npm\lib\utils\spawn.js:40:14)
14 verbose stack     at emitTwo (events.js:106:13)
14 verbose stack     at ChildProcess.emit (events.js:191:7)
14 verbose stack     at maybeClose (internal/child_process.js:877:16)
14 verbose stack     at Process.ChildProcess._handle.onexit (internal/child_process.js:226:5)
15 verbose pkgid @atlauncher/style-guide@0.1.0
16 verbose cwd C:\Projects\ATLauncher\style-guide
17 error Windows_NT 10.0.14393
18 error argv "C:\\Program Files (x86)\\Nodist\\v-x64\\6.9.5\\node.exe" "C:\\Users\\rldow\\AppData\\Roaming\\npm\\node_modules\\npm\\bin\\npm-cli.js" "run" "lint:watch"
19 error node v6.9.5
20 error npm  v3.10.8
21 error code ELIFECYCLE
22 error @atlauncher/style-guide@0.1.0 lint:watch: `esw .storybook/ stories/`
22 error Exit status 1
23 error Failed at the @atlauncher/style-guide@0.1.0 lint:watch script 'esw .storybook/ stories/'.
23 error Make sure you have the latest version of node.js and npm installed.
23 error If you do, this is most likely a problem with the @atlauncher/style-guide package,
23 error not with npm itself.
23 error Tell the author that this fails on your system:
23 error     esw .storybook/ stories/
23 error You can get information on how to open an issue for this project with:
23 error     npm bugs @atlauncher/style-guide
23 error Or if that isn't available, you can get their info via:
23 error     npm owner ls @atlauncher/style-guide
23 error There is likely additional logging output above.
24 verbose exit [ 1, true ]
